# JRE version: OpenJDK Runtime Environment Temurin-17.0.7+7 (17.0.7+7) (build 17.0.7+7)
# Java VM: OpenJDK 64-Bit Server VM Temurin-17.0.7+7 (17.0.7+7, mixed mode, emulated-client, tiered, compressed oops, compressed class ptrs, g1 gc, windows-amd64)
GC Precious Log:
 CPUs: 8 total, 8 available
 Memory: 16145M
 Large Page Support: Disabled
 NUMA Support: Disabled
 Compressed Oops: Enabled (32-bit)
 Heap Region Size: 1M
 Heap Min Capacity: 8M
 Heap Initial Capacity: 254M
 Heap Max Capacity: 1G
 Pre-touch: Disabled
 Parallel Workers: 8
 Concurrent Workers: 2
 Concurrent Refinement Workers: 8
 Periodic GC: Disabled
Heap:
 garbage-first heap   total 126976K, used 38967K [0x00000000c0000000, 0x0000000100000000)
  region size 1024K, 1 young (1024K), 0 survivors (0K)
 Metaspace       used 62942K, committed 63424K, reserved 1114112K
  class space    used 8586K, committed 8768K, reserved 1048576K
GC Heap History (20 events):
Event: 5499.541 GC heap before
{Heap before GC invocations=556 (full 455):
 garbage-first heap   total 126976K, used 38967K [0x00000000c0000000, 0x0000000100000000)
  region size 1024K, 1 young (1024K), 0 survivors (0K)
 Metaspace       used 62942K, committed 63424K, reserved 1114112K
  class space    used 8586K, committed 8768K, reserved 1048576K
}
Event: 5499.584 GC heap after
{Heap after GC invocations=557 (full 456):
 garbage-first heap   total 126976K, used 38967K [0x00000000c0000000, 0x0000000100000000)
  region size 1024K, 0 young (0K), 0 survivors (0K)
 Metaspace       used 62942K, committed 63424K, reserved 1114112K
  class space    used 8586K, committed 8768K, reserved 1048576K
}
Event: 5509.824 GC heap before
{Heap before GC invocations=557 (full 456):
 garbage-first heap   total 126976K, used 38967K [0x00000000c0000000, 0x0000000100000000)
  region size 1024K, 1 young (1024K), 0 survivors (0K)
 Metaspace       used 62942K, committed 63424K, reserved 1114112K
  class space    used 8586K, committed 8768K, reserved 1048576K
}
Event: 5509.868 GC heap after
{Heap after GC invocations=558 (full 457):
 garbage-first heap   total 126976K, used 38967K [0x00000000c0000000, 0x0000000100000000)
  region size 1024K, 0 young (0K), 0 survivors (0K)
 Metaspace       used 62942K, committed 63424K, reserved 1114112K
  class space    used 8586K, committed 8768K, reserved 1048576K
}
Event: 5520.093 GC heap before
{Heap before GC invocations=558 (full 457):
 garbage-first heap   total 126976K, used 38967K [0x00000000c0000000, 0x0000000100000000)
  region size 1024K, 1 young (1024K), 0 survivors (0K)
 Metaspace       used 62942K, committed 63424K, reserved 1114112K
  class space    used 8586K, committed 8768K, reserved 1048576K
}
Event: 5520.140 GC heap after
{Heap after GC invocations=559 (full 458):
 garbage-first heap   total 126976K, used 38967K [0x00000000c0000000, 0x0000000100000000)
  region size 1024K, 0 young (0K), 0 survivors (0K)
 Metaspace       used 62942K, committed 63424K, reserved 1114112K
  class space    used 8586K, committed 8768K, reserved 1048576K
}
Event: 5530.350 GC heap before
{Heap before GC invocations=559 (full 458):
 garbage-first heap   total 126976K, used 38967K [0x00000000c0000000, 0x0000000100000000)
  region size 1024K, 1 young (1024K), 0 survivors (0K)
 Metaspace       used 62942K, committed 63424K, reserved 1114112K
  class space    used 8586K, committed 8768K, reserved 1048576K
}
Event: 5530.390 GC heap after
{Heap after GC invocations=560 (full 459):
 garbage-first heap   total 126976K, used 38967K [0x00000000c0000000, 0x0000000100000000)
  region size 1024K, 0 young (0K), 0 survivors (0K)
 Metaspace       used 62942K, committed 63424K, reserved 1114112K
  class space    used 8586K, committed 8768K, reserved 1048576K
}
Event: 5540.624 GC heap before
{Heap before GC invocations=560 (full 459):
 garbage-first heap   total 126976K, used 38967K [0x00000000c0000000, 0x0000000100000000)
  region size 1024K, 1 young (1024K), 0 survivors (0K)
 Metaspace       used 62942K, committed 63424K, reserved 1114112K
  class space    used 8586K, committed 8768K, reserved 1048576K
}
Event: 5540.674 GC heap after
{Heap after GC invocations=561 (full 460):
 garbage-first heap   total 126976K, used 38967K [0x00000000c0000000, 0x0000000100000000)
  region size 1024K, 0 young (0K), 0 survivors (0K)
 Metaspace       used 62942K, committed 63424K, reserved 1114112K
  class space    used 8586K, committed 8768K, reserved 1048576K
}
Event: 5550.908 GC heap before
{Heap before GC invocations=561 (full 460):
 garbage-first heap   total 126976K, used 38967K [0x00000000c0000000, 0x0000000100000000)
  region size 1024K, 1 young (1024K), 0 survivors (0K)
 Metaspace       used 62942K, committed 63424K, reserved 1114112K
  class space    used 8586K, committed 8768K, reserved 1048576K
}
Event: 5550.947 GC heap after
{Heap after GC invocations=562 (full 461):
 garbage-first heap   total 126976K, used 38967K [0x00000000c0000000, 0x0000000100000000)
  region size 1024K, 0 young (0K), 0 survivors (0K)
 Metaspace       used 62942K, committed 63424K, reserved 1114112K
  class space    used 8586K, committed 8768K, reserved 1048576K
}
Event: 5561.178 GC heap before
{Heap before GC invocations=562 (full 461):
 garbage-first heap   total 126976K, used 38967K [0x00000000c0000000, 0x0000000100000000)
  region size 1024K, 1 young (1024K), 0 survivors (0K)
 Metaspace       used 62942K, committed 63424K, reserved 1114112K
  class space    used 8586K, committed 8768K, reserved 1048576K
}
Event: 5561.221 GC heap after
{Heap after GC invocations=563 (full 462):
 garbage-first heap   total 126976K, used 38967K [0x00000000c0000000, 0x0000000100000000)
  region size 1024K, 0 young (0K), 0 survivors (0K)
 Metaspace       used 62942K, committed 63424K, reserved 1114112K
  class space    used 8586K, committed 8768K, reserved 1048576K
}
Event: 5571.465 GC heap before
{Heap before GC invocations=563 (full 462):
 garbage-first heap   total 126976K, used 38967K [0x00000000c0000000, 0x0000000100000000)
  region size 1024K, 1 young (1024K), 0 survivors (0K)
 Metaspace       used 62942K, committed 63424K, reserved 1114112K
  class space    used 8586K, committed 8768K, reserved 1048576K
}
Event: 5571.510 GC heap after
{Heap after GC invocations=564 (full 463):
 garbage-first heap   total 126976K, used 38967K [0x00000000c0000000, 0x0000000100000000)
  region size 1024K, 0 young (0K), 0 survivors (0K)
 Metaspace       used 62942K, committed 63424K, reserved 1114112K
  class space    used 8586K, committed 8768K, reserved 1048576K
}
Event: 5581.735 GC heap before
{Heap before GC invocations=564 (full 463):
 garbage-first heap   total 126976K, used 38967K [0x00000000c0000000, 0x0000000100000000)
  region size 1024K, 1 young (1024K), 0 survivors (0K)
 Metaspace       used 62942K, committed 63424K, reserved 1114112K
  class space    used 8586K, committed 8768K, reserved 1048576K
}
Event: 5581.774 GC heap after
{Heap after GC invocations=565 (full 464):
 garbage-first heap   total 126976K, used 38967K [0x00000000c0000000, 0x0000000100000000)
  region size 1024K, 0 young (0K), 0 survivors (0K)
 Metaspace       used 62942K, committed 63424K, reserved 1114112K
  class space    used 8586K, committed 8768K, reserved 1048576K
}
Event: 5592.051 GC heap before
{Heap before GC invocations=565 (full 464):
 garbage-first heap   total 126976K, used 38967K [0x00000000c0000000, 0x0000000100000000)
  region size 1024K, 1 young (1024K), 0 survivors (0K)
 Metaspace       used 62942K, committed 63424K, reserved 1114112K
  class space    used 8586K, committed 8768K, reserved 1048576K
}
Event: 5592.091 GC heap after
{Heap after GC invocations=566 (full 465):
 garbage-first heap   total 126976K, used 38967K [0x00000000c0000000, 0x0000000100000000)
  region size 1024K, 0 young (0K), 0 survivors (0K)
 Metaspace       used 62942K, committed 63424K, reserved 1114112K
  class space    used 8586K, committed 8768K, reserved 1048576K
}

