# JRE version: OpenJDK Runtime Environment Temurin-17.0.7+7 (17.0.7+7) (build 17.0.7+7)
# Java VM: OpenJDK 64-Bit Server VM Temurin-17.0.7+7 (17.0.7+7, mixed mode, tiered, compressed oops, compressed class ptrs, parallel gc, windows-amd64)
GC Precious Log:
 CPUs: 8 total, 8 available
 Memory: 16145M
 Large Page Support: Disabled
 NUMA Support: Disabled
 Compressed Oops: Enabled (32-bit)
 Alignments: Space 512K, Generation 512K, Heap 2M
 Heap Min Capacity: 100M
 Heap Initial Capacity: 100M
 Heap Max Capacity: 1G
 Pre-touch: Disabled
 Parallel Workers: 8
Heap:
 PSYoungGen      total 10752K, used 6634K [0x00000000eab00000, 0x00000000eb980000, 0x0000000100000000)
  eden space 6656K, 99% used [0x00000000eab00000,0x00000000eb17ab48,0x00000000eb180000)
  from space 4096K, 0% used [0x00000000eb180000,0x00000000eb180000,0x00000000eb580000)
  to   space 4096K, 0% used [0x00000000eb580000,0x00000000eb580000,0x00000000eb980000)
 ParOldGen       total 87552K, used 87351K [0x00000000c0000000, 0x00000000c5580000, 0x00000000eab00000)
  object space 87552K, 99% used [0x00000000c0000000,0x00000000c554dc80,0x00000000c5580000)
 Metaspace       used 70976K, committed 72000K, reserved 1114112K
  class space    used 8055K, committed 8512K, reserved 1048576K
GC Heap History (20 events):
Event: 617.411 GC heap after
{Heap after GC invocations=56 (full 3):
 PSYoungGen      total 10752K, used 994K [0x00000000eab00000, 0x00000000eb700000, 0x0000000100000000)
  eden space 9728K, 0% used [0x00000000eab00000,0x00000000eab00000,0x00000000eb480000)
  from space 1024K, 97% used [0x00000000eb500000,0x00000000eb5f8aa8,0x00000000eb600000)
  to   space 512K, 0% used [0x00000000eb680000,0x00000000eb680000,0x00000000eb700000)
 ParOldGen       total 106496K, used 105693K [0x00000000c0000000, 0x00000000c6800000, 0x00000000eab00000)
  object space 106496K, 99% used [0x00000000c0000000,0x00000000c6737790,0x00000000c6800000)
 Metaspace       used 69752K, committed 70720K, reserved 1114112K
  class space    used 7968K, committed 8384K, reserved 1048576K
}
Event: 617.411 GC heap before
{Heap before GC invocations=57 (full 4):
 PSYoungGen      total 10752K, used 994K [0x00000000eab00000, 0x00000000eb700000, 0x0000000100000000)
  eden space 9728K, 0% used [0x00000000eab00000,0x00000000eab00000,0x00000000eb480000)
  from space 1024K, 97% used [0x00000000eb500000,0x00000000eb5f8aa8,0x00000000eb600000)
  to   space 512K, 0% used [0x00000000eb680000,0x00000000eb680000,0x00000000eb700000)
 ParOldGen       total 106496K, used 105693K [0x00000000c0000000, 0x00000000c6800000, 0x00000000eab00000)
  object space 106496K, 99% used [0x00000000c0000000,0x00000000c6737790,0x00000000c6800000)
 Metaspace       used 69752K, committed 70720K, reserved 1114112K
  class space    used 7968K, committed 8384K, reserved 1048576K
}
Event: 617.459 GC heap after
{Heap after GC invocations=57 (full 4):
 PSYoungGen      total 7168K, used 0K [0x00000000eab00000, 0x00000000ebe80000, 0x0000000100000000)
  eden space 6656K, 0% used [0x00000000eab00000,0x00000000eab00000,0x00000000eb180000)
  from space 512K, 0% used [0x00000000eb680000,0x00000000eb680000,0x00000000eb700000)
  to   space 5120K, 0% used [0x00000000eb180000,0x00000000eb180000,0x00000000eb680000)
 ParOldGen       total 87552K, used 58633K [0x00000000c0000000, 0x00000000c5580000, 0x00000000eab00000)
  object space 87552K, 66% used [0x00000000c0000000,0x00000000c3942600,0x00000000c5580000)
 Metaspace       used 69752K, committed 70720K, reserved 1114112K
  class space    used 7968K, committed 8384K, reserved 1048576K
}
Event: 617.488 GC heap before
{Heap before GC invocations=58 (full 4):
 PSYoungGen      total 7168K, used 6656K [0x00000000eab00000, 0x00000000ebe80000, 0x0000000100000000)
  eden space 6656K, 100% used [0x00000000eab00000,0x00000000eb180000,0x00000000eb180000)
  from space 512K, 0% used [0x00000000eb680000,0x00000000eb680000,0x00000000eb700000)
  to   space 5120K, 0% used [0x00000000eb180000,0x00000000eb180000,0x00000000eb680000)
 ParOldGen       total 87552K, used 58633K [0x00000000c0000000, 0x00000000c5580000, 0x00000000eab00000)
  object space 87552K, 66% used [0x00000000c0000000,0x00000000c3942600,0x00000000c5580000)
 Metaspace       used 69797K, committed 70784K, reserved 1114112K
  class space    used 7971K, committed 8384K, reserved 1048576K
}
Event: 617.491 GC heap after
{Heap after GC invocations=58 (full 4):
 PSYoungGen      total 11264K, used 4212K [0x00000000eab00000, 0x00000000eba80000, 0x0000000100000000)
  eden space 6656K, 0% used [0x00000000eab00000,0x00000000eab00000,0x00000000eb180000)
  from space 4608K, 91% used [0x00000000eb180000,0x00000000eb59d200,0x00000000eb600000)
  to   space 4608K, 0% used [0x00000000eb600000,0x00000000eb600000,0x00000000eba80000)
 ParOldGen       total 87552K, used 58633K [0x00000000c0000000, 0x00000000c5580000, 0x00000000eab00000)
  object space 87552K, 66% used [0x00000000c0000000,0x00000000c3942600,0x00000000c5580000)
 Metaspace       used 69797K, committed 70784K, reserved 1114112K
  class space    used 7971K, committed 8384K, reserved 1048576K
}
Event: 617.544 GC heap before
{Heap before GC invocations=59 (full 4):
 PSYoungGen      total 11264K, used 10868K [0x00000000eab00000, 0x00000000eba80000, 0x0000000100000000)
  eden space 6656K, 100% used [0x00000000eab00000,0x00000000eb180000,0x00000000eb180000)
  from space 4608K, 91% used [0x00000000eb180000,0x00000000eb59d200,0x00000000eb600000)
  to   space 4608K, 0% used [0x00000000eb600000,0x00000000eb600000,0x00000000eba80000)
 ParOldGen       total 87552K, used 58633K [0x00000000c0000000, 0x00000000c5580000, 0x00000000eab00000)
  object space 87552K, 66% used [0x00000000c0000000,0x00000000c3942600,0x00000000c5580000)
 Metaspace       used 69929K, committed 70912K, reserved 1114112K
  class space    used 7982K, committed 8384K, reserved 1048576K
}
Event: 617.547 GC heap after
{Heap after GC invocations=59 (full 4):
 PSYoungGen      total 11264K, used 4058K [0x00000000eab00000, 0x00000000eba80000, 0x0000000100000000)
  eden space 6656K, 0% used [0x00000000eab00000,0x00000000eab00000,0x00000000eb180000)
  from space 4608K, 88% used [0x00000000eb600000,0x00000000eb9f6900,0x00000000eba80000)
  to   space 4608K, 0% used [0x00000000eb180000,0x00000000eb180000,0x00000000eb600000)
 ParOldGen       total 87552K, used 62683K [0x00000000c0000000, 0x00000000c5580000, 0x00000000eab00000)
  object space 87552K, 71% used [0x00000000c0000000,0x00000000c3d36c80,0x00000000c5580000)
 Metaspace       used 69929K, committed 70912K, reserved 1114112K
  class space    used 7982K, committed 8384K, reserved 1048576K
}
Event: 617.579 GC heap before
{Heap before GC invocations=60 (full 4):
 PSYoungGen      total 11264K, used 10714K [0x00000000eab00000, 0x00000000eba80000, 0x0000000100000000)
  eden space 6656K, 100% used [0x00000000eab00000,0x00000000eb180000,0x00000000eb180000)
  from space 4608K, 88% used [0x00000000eb600000,0x00000000eb9f6900,0x00000000eba80000)
  to   space 4608K, 0% used [0x00000000eb180000,0x00000000eb180000,0x00000000eb600000)
 ParOldGen       total 87552K, used 62683K [0x00000000c0000000, 0x00000000c5580000, 0x00000000eab00000)
  object space 87552K, 71% used [0x00000000c0000000,0x00000000c3d36c80,0x00000000c5580000)
 Metaspace       used 70030K, committed 70976K, reserved 1114112K
  class space    used 7992K, committed 8384K, reserved 1048576K
}
Event: 617.583 GC heap after
{Heap after GC invocations=60 (full 4):
 PSYoungGen      total 11264K, used 4256K [0x00000000eab00000, 0x00000000eba80000, 0x0000000100000000)
  eden space 6656K, 0% used [0x00000000eab00000,0x00000000eab00000,0x00000000eb180000)
  from space 4608K, 92% used [0x00000000eb180000,0x00000000eb5a8000,0x00000000eb600000)
  to   space 4608K, 0% used [0x00000000eb600000,0x00000000eb600000,0x00000000eba80000)
 ParOldGen       total 87552K, used 66640K [0x00000000c0000000, 0x00000000c5580000, 0x00000000eab00000)
  object space 87552K, 76% used [0x00000000c0000000,0x00000000c41142f0,0x00000000c5580000)
 Metaspace       used 70030K, committed 70976K, reserved 1114112K
  class space    used 7992K, committed 8384K, reserved 1048576K
}
Event: 617.623 GC heap before
{Heap before GC invocations=61 (full 4):
 PSYoungGen      total 11264K, used 10912K [0x00000000eab00000, 0x00000000eba80000, 0x0000000100000000)
  eden space 6656K, 100% used [0x00000000eab00000,0x00000000eb180000,0x00000000eb180000)
  from space 4608K, 92% used [0x00000000eb180000,0x00000000eb5a8000,0x00000000eb600000)
  to   space 4608K, 0% used [0x00000000eb600000,0x00000000eb600000,0x00000000eba80000)
 ParOldGen       total 87552K, used 66640K [0x00000000c0000000, 0x00000000c5580000, 0x00000000eab00000)
  object space 87552K, 76% used [0x00000000c0000000,0x00000000c41142f0,0x00000000c5580000)
 Metaspace       used 70201K, committed 71232K, reserved 1114112K
  class space    used 8003K, committed 8448K, reserved 1048576K
}
Event: 617.628 GC heap after
{Heap after GC invocations=61 (full 4):
 PSYoungGen      total 11264K, used 4368K [0x00000000eab00000, 0x00000000eba80000, 0x0000000100000000)
  eden space 6656K, 0% used [0x00000000eab00000,0x00000000eab00000,0x00000000eb180000)
  from space 4608K, 94% used [0x00000000eb600000,0x00000000eba443c0,0x00000000eba80000)
  to   space 4608K, 0% used [0x00000000eb180000,0x00000000eb180000,0x00000000eb600000)
 ParOldGen       total 87552K, used 70808K [0x00000000c0000000, 0x00000000c5580000, 0x00000000eab00000)
  object space 87552K, 80% used [0x00000000c0000000,0x00000000c45262f0,0x00000000c5580000)
 Metaspace       used 70201K, committed 71232K, reserved 1114112K
  class space    used 8003K, committed 8448K, reserved 1048576K
}
Event: 617.665 GC heap before
{Heap before GC invocations=62 (full 4):
 PSYoungGen      total 11264K, used 11024K [0x00000000eab00000, 0x00000000eba80000, 0x0000000100000000)
  eden space 6656K, 100% used [0x00000000eab00000,0x00000000eb180000,0x00000000eb180000)
  from space 4608K, 94% used [0x00000000eb600000,0x00000000eba443c0,0x00000000eba80000)
  to   space 4608K, 0% used [0x00000000eb180000,0x00000000eb180000,0x00000000eb600000)
 ParOldGen       total 87552K, used 70808K [0x00000000c0000000, 0x00000000c5580000, 0x00000000eab00000)
  object space 87552K, 80% used [0x00000000c0000000,0x00000000c45262f0,0x00000000c5580000)
 Metaspace       used 70259K, committed 71232K, reserved 1114112K
  class space    used 8011K, committed 8448K, reserved 1048576K
}
Event: 617.670 GC heap after
{Heap after GC invocations=62 (full 4):
 PSYoungGen      total 11264K, used 4480K [0x00000000eab00000, 0x00000000eba80000, 0x0000000100000000)
  eden space 6656K, 0% used [0x00000000eab00000,0x00000000eab00000,0x00000000eb180000)
  from space 4608K, 97% used [0x00000000eb180000,0x00000000eb5e0000,0x00000000eb600000)
  to   space 4608K, 0% used [0x00000000eb600000,0x00000000eb600000,0x00000000eba80000)
 ParOldGen       total 87552K, used 75016K [0x00000000c0000000, 0x00000000c5580000, 0x00000000eab00000)
  object space 87552K, 85% used [0x00000000c0000000,0x00000000c4942300,0x00000000c5580000)
 Metaspace       used 70259K, committed 71232K, reserved 1114112K
  class space    used 8011K, committed 8448K, reserved 1048576K
}
Event: 617.734 GC heap before
{Heap before GC invocations=63 (full 4):
 PSYoungGen      total 11264K, used 11111K [0x00000000eab00000, 0x00000000eba80000, 0x0000000100000000)
  eden space 6656K, 99% used [0x00000000eab00000,0x00000000eb179de8,0x00000000eb180000)
  from space 4608K, 97% used [0x00000000eb180000,0x00000000eb5e0000,0x00000000eb600000)
  to   space 4608K, 0% used [0x00000000eb600000,0x00000000eb600000,0x00000000eba80000)
 ParOldGen       total 87552K, used 75016K [0x00000000c0000000, 0x00000000c5580000, 0x00000000eab00000)
  object space 87552K, 85% used [0x00000000c0000000,0x00000000c4942300,0x00000000c5580000)
 Metaspace       used 70502K, committed 71552K, reserved 1114112K
  class space    used 8029K, committed 8512K, reserved 1048576K
}
Event: 617.739 GC heap after
{Heap after GC invocations=63 (full 4):
 PSYoungGen      total 10240K, used 3559K [0x00000000eab00000, 0x00000000eb980000, 0x0000000100000000)
  eden space 6656K, 0% used [0x00000000eab00000,0x00000000eab00000,0x00000000eb180000)
  from space 3584K, 99% used [0x00000000eb600000,0x00000000eb979f70,0x00000000eb980000)
  to   space 4096K, 0% used [0x00000000eb180000,0x00000000eb180000,0x00000000eb580000)
 ParOldGen       total 87552K, used 79472K [0x00000000c0000000, 0x00000000c5580000, 0x00000000eab00000)
  object space 87552K, 90% used [0x00000000c0000000,0x00000000c4d9c300,0x00000000c5580000)
 Metaspace       used 70502K, committed 71552K, reserved 1114112K
  class space    used 8029K, committed 8512K, reserved 1048576K
}
Event: 617.765 GC heap before
{Heap before GC invocations=64 (full 4):
 PSYoungGen      total 10240K, used 10215K [0x00000000eab00000, 0x00000000eb980000, 0x0000000100000000)
  eden space 6656K, 100% used [0x00000000eab00000,0x00000000eb180000,0x00000000eb180000)
  from space 3584K, 99% used [0x00000000eb600000,0x00000000eb979f70,0x00000000eb980000)
  to   space 4096K, 0% used [0x00000000eb180000,0x00000000eb180000,0x00000000eb580000)
 ParOldGen       total 87552K, used 79475K [0x00000000c0000000, 0x00000000c5580000, 0x00000000eab00000)
  object space 87552K, 90% used [0x00000000c0000000,0x00000000c4d9cf10,0x00000000c5580000)
 Metaspace       used 70797K, committed 71872K, reserved 1114112K
  class space    used 8047K, committed 8512K, reserved 1048576K
}
Event: 617.768 GC heap after
{Heap after GC invocations=64 (full 4):
 PSYoungGen      total 10752K, used 3866K [0x00000000eab00000, 0x00000000eb980000, 0x0000000100000000)
  eden space 6656K, 0% used [0x00000000eab00000,0x00000000eab00000,0x00000000eb180000)
  from space 4096K, 94% used [0x00000000eb180000,0x00000000eb546b20,0x00000000eb580000)
  to   space 4096K, 0% used [0x00000000eb580000,0x00000000eb580000,0x00000000eb980000)
 ParOldGen       total 87552K, used 82875K [0x00000000c0000000, 0x00000000c5580000, 0x00000000eab00000)
  object space 87552K, 94% used [0x00000000c0000000,0x00000000c50eef10,0x00000000c5580000)
 Metaspace       used 70797K, committed 71872K, reserved 1114112K
  class space    used 8047K, committed 8512K, reserved 1048576K
}
Event: 617.785 GC heap before
{Heap before GC invocations=65 (full 4):
 PSYoungGen      total 10752K, used 10522K [0x00000000eab00000, 0x00000000eb980000, 0x0000000100000000)
  eden space 6656K, 100% used [0x00000000eab00000,0x00000000eb180000,0x00000000eb180000)
  from space 4096K, 94% used [0x00000000eb180000,0x00000000eb546b20,0x00000000eb580000)
  to   space 4096K, 0% used [0x00000000eb580000,0x00000000eb580000,0x00000000eb980000)
 ParOldGen       total 87552K, used 82875K [0x00000000c0000000, 0x00000000c5580000, 0x00000000eab00000)
  object space 87552K, 94% used [0x00000000c0000000,0x00000000c50eef10,0x00000000c5580000)
 Metaspace       used 70875K, committed 71936K, reserved 1114112K
  class space    used 8050K, committed 8512K, reserved 1048576K
}
Event: 617.789 GC heap after
{Heap after GC invocations=65 (full 4):
 PSYoungGen      total 10752K, used 4096K [0x00000000eab00000, 0x00000000eb980000, 0x0000000100000000)
  eden space 6656K, 0% used [0x00000000eab00000,0x00000000eab00000,0x00000000eb180000)
  from space 4096K, 100% used [0x00000000eb580000,0x00000000eb980000,0x00000000eb980000)
  to   space 4096K, 0% used [0x00000000eb180000,0x00000000eb180000,0x00000000eb580000)
 ParOldGen       total 87552K, used 86688K [0x00000000c0000000, 0x00000000c5580000, 0x00000000eab00000)
  object space 87552K, 99% used [0x00000000c0000000,0x00000000c54a8130,0x00000000c5580000)
 Metaspace       used 70875K, committed 71936K, reserved 1114112K
  class space    used 8050K, committed 8512K, reserved 1048576K
}
Event: 617.789 GC heap before
{Heap before GC invocations=66 (full 5):
 PSYoungGen      total 10752K, used 4096K [0x00000000eab00000, 0x00000000eb980000, 0x0000000100000000)
  eden space 6656K, 0% used [0x00000000eab00000,0x00000000eab00000,0x00000000eb180000)
  from space 4096K, 100% used [0x00000000eb580000,0x00000000eb980000,0x00000000eb980000)
  to   space 4096K, 0% used [0x00000000eb180000,0x00000000eb180000,0x00000000eb580000)
 ParOldGen       total 87552K, used 86688K [0x00000000c0000000, 0x00000000c5580000, 0x00000000eab00000)
  object space 87552K, 99% used [0x00000000c0000000,0x00000000c54a8130,0x00000000c5580000)
 Metaspace       used 70875K, committed 71936K, reserved 1114112K
  class space    used 8050K, committed 8512K, reserved 1048576K
}

