# JRE version: OpenJDK Runtime Environment Temurin-17.0.7+7 (17.0.7+7) (build 17.0.7+7)
# Java VM: OpenJDK 64-Bit Server VM Temurin-17.0.7+7 (17.0.7+7, mixed mode, emulated-client, tiered, compressed oops, compressed class ptrs, g1 gc, windows-amd64)
GC Precious Log:
 CPUs: 8 total, 8 available
 Memory: 16145M
 Large Page Support: Disabled
 NUMA Support: Disabled
 Compressed Oops: Enabled (32-bit)
 Heap Region Size: 1M
 Heap Min Capacity: 8M
 Heap Initial Capacity: 254M
 Heap Max Capacity: 1G
 Pre-touch: Disabled
 Parallel Workers: 8
 Concurrent Workers: 2
 Concurrent Refinement Workers: 8
 Periodic GC: Disabled
Heap:
 garbage-first heap   total 338944K, used 104039K [0x00000000c0000000, 0x0000000100000000)
  region size 1024K, 14 young (14336K), 14 survivors (14336K)
 Metaspace       used 39272K, committed 39680K, reserved 1114112K
  class space    used 5048K, committed 5248K, reserved 1048576K
GC Heap History (20 events):
Event: 4.977 GC heap after
{Heap after GC invocations=13 (full 0):
 garbage-first heap   total 154624K, used 22644K [0x00000000c0000000, 0x0000000100000000)
  region size 1024K, 1 young (1024K), 1 survivors (1024K)
 Metaspace       used 36260K, committed 36736K, reserved 1114112K
  class space    used 4772K, committed 4992K, reserved 1048576K
}
Event: 5.352 GC heap before
{Heap before GC invocations=13 (full 0):
 garbage-first heap   total 154624K, used 110708K [0x00000000c0000000, 0x0000000100000000)
  region size 1024K, 88 young (90112K), 1 survivors (1024K)
 Metaspace       used 38557K, committed 38912K, reserved 1114112K
  class space    used 4938K, committed 5120K, reserved 1048576K
}
Event: 5.364 GC heap after
{Heap after GC invocations=14 (full 0):
 garbage-first heap   total 154624K, used 38870K [0x00000000c0000000, 0x0000000100000000)
  region size 1024K, 11 young (11264K), 11 survivors (11264K)
 Metaspace       used 38557K, committed 38912K, reserved 1114112K
  class space    used 4938K, committed 5120K, reserved 1048576K
}
Event: 6.174 GC heap before
{Heap before GC invocations=14 (full 0):
 garbage-first heap   total 154624K, used 103382K [0x00000000c0000000, 0x0000000100000000)
  region size 1024K, 71 young (72704K), 11 survivors (11264K)
 Metaspace       used 39024K, committed 39424K, reserved 1114112K
  class space    used 5012K, committed 5184K, reserved 1048576K
}
Event: 6.187 GC heap after
{Heap after GC invocations=15 (full 0):
 garbage-first heap   total 154624K, used 62934K [0x00000000c0000000, 0x0000000100000000)
  region size 1024K, 9 young (9216K), 9 survivors (9216K)
 Metaspace       used 39024K, committed 39424K, reserved 1114112K
  class space    used 5012K, committed 5184K, reserved 1048576K
}
Event: 6.245 GC heap before
{Heap before GC invocations=15 (full 0):
 garbage-first heap   total 154624K, used 105942K [0x00000000c0000000, 0x0000000100000000)
  region size 1024K, 51 young (52224K), 9 survivors (9216K)
 Metaspace       used 39120K, committed 39488K, reserved 1114112K
  class space    used 5022K, committed 5184K, reserved 1048576K
}
Event: 6.262 GC heap after
{Heap after GC invocations=16 (full 0):
 garbage-first heap   total 154624K, used 73728K [0x00000000c0000000, 0x0000000100000000)
  region size 1024K, 7 young (7168K), 7 survivors (7168K)
 Metaspace       used 39120K, committed 39488K, reserved 1114112K
  class space    used 5022K, committed 5184K, reserved 1048576K
}
Event: 6.274 GC heap before
{Heap before GC invocations=16 (full 0):
 garbage-first heap   total 154624K, used 110592K [0x00000000c0000000, 0x0000000100000000)
  region size 1024K, 44 young (45056K), 7 survivors (7168K)
 Metaspace       used 39139K, committed 39552K, reserved 1114112K
  class space    used 5024K, committed 5184K, reserved 1048576K
}
Event: 6.278 GC heap after
{Heap after GC invocations=17 (full 0):
 garbage-first heap   total 154624K, used 77046K [0x00000000c0000000, 0x0000000100000000)
  region size 1024K, 2 young (2048K), 2 survivors (2048K)
 Metaspace       used 39139K, committed 39552K, reserved 1114112K
  class space    used 5024K, committed 5184K, reserved 1048576K
}
Event: 6.289 GC heap before
{Heap before GC invocations=17 (full 0):
 garbage-first heap   total 154624K, used 114934K [0x00000000c0000000, 0x0000000100000000)
  region size 1024K, 40 young (40960K), 2 survivors (2048K)
 Metaspace       used 39212K, committed 39616K, reserved 1114112K
  class space    used 5033K, committed 5184K, reserved 1048576K
}
Event: 6.293 GC heap after
{Heap after GC invocations=18 (full 0):
 garbage-first heap   total 338944K, used 78530K [0x00000000c0000000, 0x0000000100000000)
  region size 1024K, 4 young (4096K), 4 survivors (4096K)
 Metaspace       used 39212K, committed 39616K, reserved 1114112K
  class space    used 5033K, committed 5184K, reserved 1048576K
}
Event: 6.398 GC heap before
{Heap before GC invocations=19 (full 0):
 garbage-first heap   total 338944K, used 216770K [0x00000000c0000000, 0x0000000100000000)
  region size 1024K, 141 young (144384K), 4 survivors (4096K)
 Metaspace       used 39246K, committed 39616K, reserved 1114112K
  class space    used 5040K, committed 5184K, reserved 1048576K
}
Event: 6.404 GC heap after
{Heap after GC invocations=20 (full 0):
 garbage-first heap   total 338944K, used 83518K [0x00000000c0000000, 0x0000000100000000)
  region size 1024K, 10 young (10240K), 10 survivors (10240K)
 Metaspace       used 39246K, committed 39616K, reserved 1114112K
  class space    used 5040K, committed 5184K, reserved 1048576K
}
Event: 6.408 GC heap before
{Heap before GC invocations=20 (full 0):
 garbage-first heap   total 338944K, used 88638K [0x00000000c0000000, 0x0000000100000000)
  region size 1024K, 16 young (16384K), 10 survivors (10240K)
 Metaspace       used 39246K, committed 39616K, reserved 1114112K
  class space    used 5040K, committed 5184K, reserved 1048576K
}
Event: 6.412 GC heap after
{Heap after GC invocations=21 (full 0):
 garbage-first heap   total 338944K, used 83310K [0x00000000c0000000, 0x0000000100000000)
  region size 1024K, 2 young (2048K), 2 survivors (2048K)
 Metaspace       used 39246K, committed 39616K, reserved 1114112K
  class space    used 5040K, committed 5184K, reserved 1048576K
}
Event: 6.463 GC heap before
{Heap before GC invocations=21 (full 0):
 garbage-first heap   total 338944K, used 247150K [0x00000000c0000000, 0x0000000100000000)
  region size 1024K, 163 young (166912K), 2 survivors (2048K)
 Metaspace       used 39246K, committed 39616K, reserved 1114112K
  class space    used 5040K, committed 5184K, reserved 1048576K
}
Event: 6.468 GC heap after
{Heap after GC invocations=22 (full 0):
 garbage-first heap   total 338944K, used 90450K [0x00000000c0000000, 0x0000000100000000)
  region size 1024K, 9 young (9216K), 9 survivors (9216K)
 Metaspace       used 39246K, committed 39616K, reserved 1114112K
  class space    used 5040K, committed 5184K, reserved 1048576K
}
Event: 6.512 GC heap before
{Heap before GC invocations=22 (full 0):
 garbage-first heap   total 338944K, used 253266K [0x00000000c0000000, 0x0000000100000000)
  region size 1024K, 169 young (173056K), 9 survivors (9216K)
 Metaspace       used 39272K, committed 39680K, reserved 1114112K
  class space    used 5048K, committed 5248K, reserved 1048576K
}
Event: 6.520 GC heap after
{Heap after GC invocations=23 (full 0):
 garbage-first heap   total 338944K, used 96642K [0x00000000c0000000, 0x0000000100000000)
  region size 1024K, 15 young (15360K), 15 survivors (15360K)
 Metaspace       used 39272K, committed 39680K, reserved 1114112K
  class space    used 5048K, committed 5248K, reserved 1048576K
}
Event: 6.561 GC heap before
{Heap before GC invocations=23 (full 0):
 garbage-first heap   total 338944K, used 261506K [0x00000000c0000000, 0x0000000100000000)
  region size 1024K, 177 young (181248K), 15 survivors (15360K)
 Metaspace       used 39272K, committed 39680K, reserved 1114112K
  class space    used 5048K, committed 5248K, reserved 1048576K
}

